[debug] [2026-06-21T00:41:42.315Z] ----------------------------------------------------------------------
[debug] [2026-06-21T00:41:42.319Z] Command:       /Users/STUDIO/node-v22/bin/node /Users/STUDIO/.npm/_npx/ba4f1959e38407b5/node_modules/.bin/firebase deploy --only auth
[debug] [2026-06-21T00:41:42.319Z] CLI Version:   15.22.0
[debug] [2026-06-21T00:41:42.319Z] Platform:      darwin
[debug] [2026-06-21T00:41:42.319Z] Node Version:  v22.22.3
[debug] [2026-06-21T00:41:42.320Z] Detected Agent: antigravity
[debug] [2026-06-21T00:41:42.320Z] Time:          Sat Jun 20 2026 20:41:42 GMT-0400 (Eastern Daylight Time)
[debug] [2026-06-21T00:41:42.320Z] ----------------------------------------------------------------------
[debug] 
[debug] [2026-06-21T00:41:44.063Z] > command requires scopes: ["email","openid","https://www.googleapis.com/auth/cloudplatformprojects.readonly","https://www.googleapis.com/auth/firebase","https://www.googleapis.com/auth/cloud-platform"]
[debug] [2026-06-21T00:41:44.346Z] Running auto auth
[debug] [2026-06-21T00:41:44.347Z] [iam] checking project curbside-35431 for permissions ["firebase.projects.get","firebase.projects.update","firebaseauth.configs.update"]
[debug] [2026-06-21T00:41:44.348Z] No OAuth tokens found
[debug] [2026-06-21T00:41:44.349Z] >>> [apiv2][query] POST https://cloudresourcemanager.googleapis.com/v1/projects/curbside-35431:testIamPermissions [none]
[debug] [2026-06-21T00:41:44.349Z] >>> [apiv2][(partial)header] POST https://cloudresourcemanager.googleapis.com/v1/projects/curbside-35431:testIamPermissions  x-goog-user-project=curbside-35431
[debug] [2026-06-21T00:41:44.349Z] >>> [apiv2][body] POST https://cloudresourcemanager.googleapis.com/v1/projects/curbside-35431:testIamPermissions {"permissions":["firebase.projects.get","firebase.projects.update","firebaseauth.configs.update"]}
[debug] [2026-06-21T00:41:44.803Z] <<< [apiv2][status] POST https://cloudresourcemanager.googleapis.com/v1/projects/curbside-35431:testIamPermissions 400
[debug] [2026-06-21T00:41:44.803Z] <<< [apiv2][body] POST https://cloudresourcemanager.googleapis.com/v1/projects/curbside-35431:testIamPermissions {"error":{"code":400,"message":"Project 'projects/curbside-35431' not found or deleted.","status":"INVALID_ARGUMENT","details":[{"@type":"type.googleapis.com/google.rpc.ErrorInfo","reason":"USER_PROJECT_DENIED","domain":"googleapis.com","metadata":{"containerInfo":"projects/curbside-35431","consumer":"projects/curbside-35431","service":"cloudresourcemanager.googleapis.com"}}]}}
[debug] [2026-06-21T00:41:44.804Z] [iam] error while checking permissions, command may fail: Request to https://cloudresourcemanager.googleapis.com/v1/projects/curbside-35431:testIamPermissions had HTTP Error: 400, Project 'projects/curbside-35431' not found or deleted.
[info] 
[info] === Deploying to 'curbside-35431'...
[info] 
[info] i  deploying auth 
[debug] [2026-06-21T00:41:44.807Z] No OAuth tokens found
[debug] [2026-06-21T00:41:44.807Z] >>> [apiv2][query] GET https://firebase.googleapis.com/v1beta1/projects/curbside-35431/webApps pageSize=100
[debug] [2026-06-21T00:41:45.299Z] <<< [apiv2][status] GET https://firebase.googleapis.com/v1beta1/projects/curbside-35431/webApps 403
[debug] [2026-06-21T00:41:45.299Z] <<< [apiv2][body] GET https://firebase.googleapis.com/v1beta1/projects/curbside-35431/webApps {"error":{"code":403,"message":"The caller does not have permission","status":"PERMISSION_DENIED"}}
[debug] [2026-06-21T00:41:45.299Z] Request to https://firebase.googleapis.com/v1beta1/projects/curbside-35431/webApps?pageSize=100 had HTTP Error: 403, The caller does not have permission
[debug] [2026-06-21T00:41:45.300Z] FirebaseError: Request to https://firebase.googleapis.com/v1beta1/projects/curbside-35431/webApps?pageSize=100 had HTTP Error: 403, The caller does not have permission
    at responseToError (/Users/STUDIO/.npm/_npx/ba4f1959e38407b5/node_modules/firebase-tools/lib/responseToError.js:53:12)
    at RetryOperation._fn (/Users/STUDIO/.npm/_npx/ba4f1959e38407b5/node_modules/firebase-tools/lib/apiv2.js:333:77)
    at process.processTicksAndRejections (node:internal/process/task_queues:103:5)
[error] 
[error] Error: Failed to list Firebase WEB apps. See firebase-debug.log for more info.
[debug] [2026-06-21T00:41:51.593Z] ----------------------------------------------------------------------
[debug] [2026-06-21T00:41:51.596Z] Command:       /Users/STUDIO/node-v22/bin/node /Users/STUDIO/.npm/_npx/ba4f1959e38407b5/node_modules/.bin/firebase apps:list
[debug] [2026-06-21T00:41:51.597Z] CLI Version:   15.22.0
[debug] [2026-06-21T00:41:51.597Z] Platform:      darwin
[debug] [2026-06-21T00:41:51.597Z] Node Version:  v22.22.3
[debug] [2026-06-21T00:41:51.597Z] Detected Agent: antigravity
[debug] [2026-06-21T00:41:51.598Z] Time:          Sat Jun 20 2026 20:41:51 GMT-0400 (Eastern Daylight Time)
[debug] [2026-06-21T00:41:51.598Z] ----------------------------------------------------------------------
[debug] 
[debug] [2026-06-21T00:41:51.830Z] > command requires scopes: ["email","openid","https://www.googleapis.com/auth/cloudplatformprojects.readonly","https://www.googleapis.com/auth/firebase","https://www.googleapis.com/auth/cloud-platform"]
[debug] [2026-06-21T00:41:52.051Z] Running auto auth
[debug] [2026-06-21T00:41:52.055Z] No OAuth tokens found
[debug] [2026-06-21T00:41:52.056Z] >>> [apiv2][query] GET https://firebase.googleapis.com/v1beta1/projects/curbside-35431:searchApps pageSize=100
[debug] [2026-06-21T00:41:52.572Z] <<< [apiv2][status] GET https://firebase.googleapis.com/v1beta1/projects/curbside-35431:searchApps 403
[debug] [2026-06-21T00:41:52.572Z] <<< [apiv2][body] GET https://firebase.googleapis.com/v1beta1/projects/curbside-35431:searchApps {"error":{"code":403,"message":"The caller does not have permission","status":"PERMISSION_DENIED"}}
[debug] [2026-06-21T00:41:52.573Z] Request to https://firebase.googleapis.com/v1beta1/projects/curbside-35431:searchApps?pageSize=100 had HTTP Error: 403, The caller does not have permission
[debug] [2026-06-21T00:41:52.574Z] FirebaseError: Request to https://firebase.googleapis.com/v1beta1/projects/curbside-35431:searchApps?pageSize=100 had HTTP Error: 403, The caller does not have permission
    at responseToError (/Users/STUDIO/.npm/_npx/ba4f1959e38407b5/node_modules/firebase-tools/lib/responseToError.js:53:12)
    at RetryOperation._fn (/Users/STUDIO/.npm/_npx/ba4f1959e38407b5/node_modules/firebase-tools/lib/apiv2.js:333:77)
    at process.processTicksAndRejections (node:internal/process/task_queues:103:5)
[error] 
[error] Error: Failed to list Firebase apps. See firebase-debug.log for more info.
